# JRE version: Java(TM) SE Runtime Environment (7.0_79-b15) (build 1.7.0_79-b15)
# Java VM: Java HotSpot(TM) 64-Bit Server VM (24.79-b02 mixed mode bsd-amd64 compressed oops)
Heap
 PSYoungGen      total 330240K, used 6686K [0x00000007eaa80000, 0x0000000800000000, 0x0000000800000000)
  eden space 311296K, 2% used [0x00000007eaa80000,0x00000007eb107bc8,0x00000007fda80000)
  from space 18944K, 0% used [0x00000007fda80000,0x00000007fda80000,0x00000007fed00000)
  to   space 18432K, 0% used [0x00000007fee00000,0x00000007fee00000,0x0000000800000000)
 ParOldGen       total 699392K, used 465337K [0x00000007bff80000, 0x00000007eaa80000, 0x00000007eaa80000)
  object space 699392K, 66% used [0x00000007bff80000,0x00000007dc5ee4f8,0x00000007eaa80000)
 PSPermGen       total 524288K, used 524287K [0x000000079ff80000, 0x00000007bff80000, 0x00000007bff80000)
  object space 524288K, 99% used [0x000000079ff80000,0x00000007bff7fc28,0x00000007bff80000)
GC Heap History (10 events):
Event: 93923.487 GC heap before
{Heap before GC invocations=500 (full 11):
 PSYoungGen      total 328704K, used 0K [0x00000007eaa80000, 0x0000000800000000, 0x0000000800000000)
  eden space 308224K, 0% used [0x00000007eaa80000,0x00000007eaa80000,0x00000007fd780000)
  from space 20480K, 0% used [0x00000007fd780000,0x00000007fd780000,0x00000007feb80000)
  to   space 19456K, 0% used [0x00000007fed00000,0x00000007fed00000,0x0000000800000000)
 ParOldGen       total 699392K, used 466234K [0x00000007bff80000, 0x00000007eaa80000, 0x00000007eaa80000)
  object space 699392K, 66% used [0x00000007bff80000,0x00000007dc6cebe0,0x00000007eaa80000)
 PSPermGen       total 524288K, used 524287K [0x000000079ff80000, 0x00000007bff80000, 0x00000007bff80000)
  object space 524288K, 99% used [0x000000079ff80000,0x00000007bff7ff40,0x00000007bff80000)
Event: 93925.795 GC heap after
Heap after GC invocations=500 (full 11):
 PSYoungGen      total 328704K, used 0K [0x00000007eaa80000, 0x0000000800000000, 0x0000000800000000)
  eden space 308224K, 0% used [0x00000007eaa80000,0x00000007eaa80000,0x00000007fd780000)
  from space 20480K, 0% used [0x00000007fd780000,0x00000007fd780000,0x00000007feb80000)
  to   space 19456K, 0% used [0x00000007fed00000,0x00000007fed00000,0x0000000800000000)
 ParOldGen       total 699392K, used 465392K [0x00000007bff80000, 0x00000007eaa80000, 0x00000007eaa80000)
  object space 699392K, 66% used [0x00000007bff80000,0x00000007dc5fc0e8,0x00000007eaa80000)
 PSPermGen       total 524288K, used 524281K [0x000000079ff80000, 0x00000007bff80000, 0x00000007bff80000)
  object space 524288K, 99% used [0x000000079ff80000,0x00000007bff7e778,0x00000007bff80000)
}
Event: 93925.797 GC heap before
{Heap before GC invocations=501 (full 11):
 PSYoungGen      total 328704K, used 280K [0x00000007eaa80000, 0x0000000800000000, 0x0000000800000000)
  eden space 308224K, 0% used [0x00000007eaa80000,0x00000007eaac6120,0x00000007fd780000)
  from space 20480K, 0% used [0x00000007fd780000,0x00000007fd780000,0x00000007feb80000)
  to   space 19456K, 0% used [0x00000007fed00000,0x00000007fed00000,0x0000000800000000)
 ParOldGen       total 699392K, used 465392K [0x00000007bff80000, 0x00000007eaa80000, 0x00000007eaa80000)
  object space 699392K, 66% used [0x00000007bff80000,0x00000007dc5fc0e8,0x00000007eaa80000)
 PSPermGen       total 524288K, used 524287K [0x000000079ff80000, 0x00000007bff80000, 0x00000007bff80000)
  object space 524288K, 99% used [0x000000079ff80000,0x00000007bff7fc28,0x00000007bff80000)
Event: 93925.820 GC heap after
Heap after GC invocations=501 (full 11):
 PSYoungGen      total 330752K, used 0K [0x00000007eaa80000, 0x0000000800000000, 0x0000000800000000)
  eden space 311296K, 0% used [0x00000007eaa80000,0x00000007eaa80000,0x00000007fda80000)
  from space 19456K, 0% used [0x00000007fed00000,0x00000007fed00000,0x0000000800000000)
  to   space 18944K, 0% used [0x00000007fda80000,0x00000007fda80000,0x00000007fed00000)
 ParOldGen       total 699392K, used 465392K [0x00000007bff80000, 0x00000007eaa80000, 0x00000007eaa80000)
  object space 699392K, 66% used [0x00000007bff80000,0x00000007dc5fc0e8,0x00000007eaa80000)
 PSPermGen       total 524288K, used 524287K [0x000000079ff80000, 0x00000007bff80000, 0x00000007bff80000)
  object space 524288K, 99% used [0x000000079ff80000,0x00000007bff7fc28,0x00000007bff80000)
}
Event: 93925.820 GC heap before
{Heap before GC invocations=502 (full 12):
 PSYoungGen      total 330752K, used 0K [0x00000007eaa80000, 0x0000000800000000, 0x0000000800000000)
  eden space 311296K, 0% used [0x00000007eaa80000,0x00000007eaa80000,0x00000007fda80000)
  from space 19456K, 0% used [0x00000007fed00000,0x00000007fed00000,0x0000000800000000)
  to   space 18944K, 0% used [0x00000007fda80000,0x00000007fda80000,0x00000007fed00000)
 ParOldGen       total 699392K, used 465392K [0x00000007bff80000, 0x00000007eaa80000, 0x00000007eaa80000)
  object space 699392K, 66% used [0x00000007bff80000,0x00000007dc5fc0e8,0x00000007eaa80000)
 PSPermGen       total 524288K, used 524287K [0x000000079ff80000, 0x00000007bff80000, 0x00000007bff80000)
  object space 524288K, 99% used [0x000000079ff80000,0x00000007bff7fc28,0x00000007bff80000)
Event: 93926.817 GC heap after
Heap after GC invocations=502 (full 12):
 PSYoungGen      total 330752K, used 0K [0x00000007eaa80000, 0x0000000800000000, 0x0000000800000000)
  eden space 311296K, 0% used [0x00000007eaa80000,0x00000007eaa80000,0x00000007fda80000)
  from space 19456K, 0% used [0x00000007fed00000,0x00000007fed00000,0x0000000800000000)
  to   space 18944K, 0% used [0x00000007fda80000,0x00000007fda80000,0x00000007fed00000)
 ParOldGen       total 699392K, used 465337K [0x00000007bff80000, 0x00000007eaa80000, 0x00000007eaa80000)
  object space 699392K, 66% used [0x00000007bff80000,0x00000007dc5ee4f8,0x00000007eaa80000)
 PSPermGen       total 524288K, used 524287K [0x000000079ff80000, 0x00000007bff80000, 0x00000007bff80000)
  object space 524288K, 99% used [0x000000079ff80000,0x00000007bff7fc28,0x00000007bff80000)
}
Event: 93926.817 GC heap before
{Heap before GC invocations=503 (full 12):
 PSYoungGen      total 330752K, used 0K [0x00000007eaa80000, 0x0000000800000000, 0x0000000800000000)
  eden space 311296K, 0% used [0x00000007eaa80000,0x00000007eaa80000,0x00000007fda80000)
  from space 19456K, 0% used [0x00000007fed00000,0x00000007fed00000,0x0000000800000000)
  to   space 18944K, 0% used [0x00000007fda80000,0x00000007fda80000,0x00000007fed00000)
 ParOldGen       total 699392K, used 465337K [0x00000007bff80000, 0x00000007eaa80000, 0x00000007eaa80000)
  object space 699392K, 66% used [0x00000007bff80000,0x00000007dc5ee4f8,0x00000007eaa80000)
 PSPermGen       total 524288K, used 524287K [0x000000079ff80000, 0x00000007bff80000, 0x00000007bff80000)
  object space 524288K, 99% used [0x000000079ff80000,0x00000007bff7fc28,0x00000007bff80000)
Event: 93926.838 GC heap after
Heap after GC invocations=503 (full 12):
 PSYoungGen      total 330240K, used 0K [0x00000007eaa80000, 0x0000000800000000, 0x0000000800000000)
  eden space 311296K, 0% used [0x00000007eaa80000,0x00000007eaa80000,0x00000007fda80000)
  from space 18944K, 0% used [0x00000007fda80000,0x00000007fda80000,0x00000007fed00000)
  to   space 18432K, 0% used [0x00000007fee00000,0x00000007fee00000,0x0000000800000000)
 ParOldGen       total 699392K, used 465337K [0x00000007bff80000, 0x00000007eaa80000, 0x00000007eaa80000)
  object space 699392K, 66% used [0x00000007bff80000,0x00000007dc5ee4f8,0x00000007eaa80000)
 PSPermGen       total 524288K, used 524287K [0x000000079ff80000, 0x00000007bff80000, 0x00000007bff80000)
  object space 524288K, 99% used [0x000000079ff80000,0x00000007bff7fc28,0x00000007bff80000)
}
Event: 93926.838 GC heap before
{Heap before GC invocations=504 (full 13):
 PSYoungGen      total 330240K, used 0K [0x00000007eaa80000, 0x0000000800000000, 0x0000000800000000)
  eden space 311296K, 0% used [0x00000007eaa80000,0x00000007eaa80000,0x00000007fda80000)
  from space 18944K, 0% used [0x00000007fda80000,0x00000007fda80000,0x00000007fed00000)
  to   space 18432K, 0% used [0x00000007fee00000,0x00000007fee00000,0x0000000800000000)
 ParOldGen       total 699392K, used 465337K [0x00000007bff80000, 0x00000007eaa80000, 0x00000007eaa80000)
  object space 699392K, 66% used [0x00000007bff80000,0x00000007dc5ee4f8,0x00000007eaa80000)
 PSPermGen       total 524288K, used 524287K [0x000000079ff80000, 0x00000007bff80000, 0x00000007bff80000)
  object space 524288K, 99% used [0x000000079ff80000,0x00000007bff7fc28,0x00000007bff80000)
Event: 93927.796 GC heap after
Heap after GC invocations=504 (full 13):
 PSYoungGen      total 330240K, used 0K [0x00000007eaa80000, 0x0000000800000000, 0x0000000800000000)
  eden space 311296K, 0% used [0x00000007eaa80000,0x00000007eaa80000,0x00000007fda80000)
  from space 18944K, 0% used [0x00000007fda80000,0x00000007fda80000,0x00000007fed00000)
  to   space 18432K, 0% used [0x00000007fee00000,0x00000007fee00000,0x0000000800000000)
 ParOldGen       total 699392K, used 465337K [0x00000007bff80000, 0x00000007eaa80000, 0x00000007eaa80000)
  object space 699392K, 66% used [0x00000007bff80000,0x00000007dc5ee4f8,0x00000007eaa80000)
 PSPermGen       total 524288K, used 524287K [0x000000079ff80000, 0x00000007bff80000, 0x00000007bff80000)
  object space 524288K, 99% used [0x000000079ff80000,0x00000007bff7fc28,0x00000007bff80000)
}

